g:\downloads\windows_app\tictactoe_game\tictactoe_game\x64\release\vc143.pdb
g:\downloads\windows_app\tictactoe_game\tictactoe_game\x64\release\.netframework,version=v4.7.2.assemblyattributes.obj
g:\downloads\windows_app\tictactoe_game\tictactoe_game\x64\release\myform.obj
g:\downloads\windows_app\tictactoe_game\x64\release\tictactoe_game.exe
g:\downloads\windows_app\tictactoe_game\x64\release\tictactoe_game.pdb
g:\downloads\windows_app\tictactoe_game\tictactoe_game\x64\release\tictactoe_game.res
g:\downloads\windows_app\tictactoe_game\tictactoe_game\x64\release\tictactoe_game.tlog\cl.command.1.tlog
g:\downloads\windows_app\tictactoe_game\tictactoe_game\x64\release\tictactoe_game.tlog\cl.items.tlog
g:\downloads\windows_app\tictactoe_game\tictactoe_game\x64\release\tictactoe_game.tlog\cl.read.1.tlog
g:\downloads\windows_app\tictactoe_game\tictactoe_game\x64\release\tictactoe_game.tlog\cl.write.1.tlog
g:\downloads\windows_app\tictactoe_game\tictactoe_game\x64\release\tictactoe_game.tlog\link.command.1.tlog
g:\downloads\windows_app\tictactoe_game\tictactoe_game\x64\release\tictactoe_game.tlog\link.read.1.tlog
g:\downloads\windows_app\tictactoe_game\tictactoe_game\x64\release\tictactoe_game.tlog\link.write.1.tlog
g:\downloads\windows_app\tictactoe_game\tictactoe_game\x64\release\tictactoe_game.tlog\metagen.read.1.tlog
g:\downloads\windows_app\tictactoe_game\tictactoe_game\x64\release\tictactoe_game.tlog\metagen.write.1.tlog
g:\downloads\windows_app\tictactoe_game\tictactoe_game\x64\release\tictactoe_game.tlog\rc.command.1.tlog
g:\downloads\windows_app\tictactoe_game\tictactoe_game\x64\release\tictactoe_game.tlog\rc.read.1.tlog
g:\downloads\windows_app\tictactoe_game\tictactoe_game\x64\release\tictactoe_game.tlog\rc.write.1.tlog
g:\downloads\windows_app\tictactoe_game\tictactoe_game\x64\release\tictactoe_game.tlog\resgen.command.1.tlog
g:\downloads\windows_app\tictactoe_game\tictactoe_game\x64\release\tictactoe_game.tlog\resgen.read.1.tlog
g:\downloads\windows_app\tictactoe_game\tictactoe_game\x64\release\tictactoe_game.tlog\resgen.write.1.tlog
